[   0.00000 Linux rson 4.10-7-generic (bildd@lgw01-amd64-001) (gcc version 7.3.0 (Ubuntu 7.3.0-16ubuntu3)) #50-Ubuntu SMP Wed Mar 13 10:44:52 UTC 2019 (Ubuntu 4.15.0-47.50-generic 4.15.18)
[    0.000000] Command line: BOOT_IMAGE=/boot/vmlinuz-4.15.0-47-generic root=LABEL=cloudimg-rootfs ro console=tty1 console=ttyS0
[    0.000000] KERNEL supported cpus:
[    0.000000]   Intel GenuineIntel
[    0.000000]   AMD AuthenticAMD
[    0.00000]   Centaur CentaurHauls
[    0.000000] x86/fpu: Supporting XSAVE feature 0x001: 'x87 floating poin regsts'
[    0.000000] x86/fpu: Supporting XSAVE feature 0x002: 'SSE registers'
[    0.000000] x86/fpu: pporting XSAVE feature 0x004: 'AVX registers'
[    0.000000] x86/fpu: xstate_offset[2]:  576, xstate_sizes[2]:  256
[    0.000000] x86/fpu: Enabled xstate features 0x7, context size is 832 bytes, using 'standard' format.
[    0.000000] e820: OS-prode phical RAM map:
[    0.000000] BIOS-e820: [mem 0x0000000000000000-0x000000000009fbff] usable
[    0.000000] BIOS-e820: [mem 0x0000000000c00-0x000000000009ffff] reserved
[    0.000000] BIOS-e820: [mem 0x00000000000f0000-0x00000000000fffff] reserved
[    0.000000] BIOS-e820: [mem 0x0000000000100000-0x000000003ffeffff] usable
[    0.000000] BIOS-e820: [mem 0x000000003fff0000-0x000000003fffffff] ACPI da
[    00000] IO-e8: mem 0x00000000fec00000-0x00000000fec00fff] reserved
[    0.0000]BIOS-e820: [mem 0x00000000fee00000x00000000fee00fff] reserved
[    0.000000] BIOS-e820: [mem 0x00000000fffc0000-0x00000000ffffffff] reserved
[    0.000000] NX (Execute Disable) protection: active
[    0.000000] SMBIOS 2.5 present.
[    0.000000] DMI: innotek GmbH VirtualBox/VirtualBox, BIOS Virtuaox 12/0/26
[    0.000000] Hypervisor detected: KVM
[    0.000000] e820: last_pfn = 0x3fff0 max_arch_pfn = 0x400000000
[    0.000000] MTRR: Disabled
[    0.000000] x86/PAT: MTRRs disabled, skipping PAT initialization too.
[    0.000000] CPU MTRRs all blank - virtualized system.
[    0.000000] x86/PAT: Configuration [0-7]: WB  WT  UC- UC  WB  W  C- UC  
[    0.000000] found SMP MP-table at [mem 0x0009fff0-0x0009ffff] mapped at [        (ptrval)]
[    0.000000] Scanning 1aras for low memory corruption
[    0.000000] RAMDISK: [mem 0x359cb000-0x36cdcfff]
[    0.000000] ACPI: Early table checksum verification disabled
[    0.000000] ACPI: RSDP 0x00000000000E0000 000024 (v02 VBOX  )
[    0.000000] ACPI: XSDT 0x000000003FFF0030 00003C (v01 VBOX   VBOXXSDT 00000001 ASL  00000061)
[    0.000000] ACPI: FACP 0x000000003FFF00F0 0000F4 (v04 VBOX   VBOXFACP 00000001 ASL  00000061)
[    0.000000] ACPI: DSDT 0x000000003FFF0470 0021FF (v02 VBOX   VBOXBIOS 00000002 INTL 20100528)
[    0.000000] ACPI: FACS 0x000000003FFF0200 000040
[    00000]ACPI: FACS 0x000000003FFF0200 000040
[     0.000000] ACPI: APIC 0x000000003FFF0240 00005C (v02 VBOX   VBOXAPIC 00000001 ASL  00000061)
[    0.000000] ACPI: SSDT 0x000000003FFF02A0 0001CC (v01 VBOX   VBOXCPUT 00000002 INTL 20100528)
[    0.000000] No NUMA configuration found
[    0.000000] Faking a node at [mem 0x0000000000000000-0x000000003ffeffff]
[    0.000000] NODE_DATA(0) allocated [mem 0x3ffc5000-0x3ffeffff]
[    0000000] kvm-clock: cpu 0, msr 0:3ff44001, primary cpu clock
[    0.000000] kvm-clock: Using msrs 4b564d01 and 4b564d00
[    0.000000] kvm-clock:using sched offset of 4246489887 cycles
[    0.000000] clocksource: kvm-clock: mask: 0xffffffffffffffff max_cycles: 0x1cd42e4dffb, max_idle_ns: 881590591483 ns
[    0.000000] Zone ranges:
[    0.00000]   DMA     [em 0x0000000000001000-0x0000000000ffffff]
[    0.000000]   DMA32    [mem 0x0000000001000000-0x000000003ffeffff]
[    0.000000]   Normal   empty
[    0.000000]   Device   empty
[    0.0000] Movable zone start for each node
[    0.000000] Early memory node ranges
[    0.000000]   node   0: [mem 0x0000000000001000-0x000000000009efff]
[    0.000000]   node   0: [mem 0x0000000000100000-0x000000003ffeffff]
[    0.000000] Reserved but unavailable: 114 pages
[    0.000000] Initmem setup node 0 [mem 0x000000000001000-0x000000003ffeffff]
[    0.000000] ACPI: PM-Timer IO Port: 0x4008
[    0.000000] IOAPIC[0]: apic_id 2, version 32, address 0xfec00000, GSI 0-23
[    0.000000] ACPI: INT_SRC_OVR (bus 0 bus_irq 0 global_irq 2 dfl dfl)
[    0.000000] ACPI: INT_SRC_OVR (bus 0 bus_irq 9 global_irq 9 low level)
[    0.000000] Using ACPI (MADT) for SMP configuration information
[    0.000000] smpboot: Allowing 2 CPUs, 0 hotplug CPUs
[    0.00000] PM:egstered nosave memory:mem 0x00000-0x00000ff
[    0.000000] PM: Registered nosave memory: [mem 0x0009f000-0x0009ffff]
[    0.000000] PM: Registered nosave memory: [mem 0x000a0000-0x000effff]
[    0.000000] PM: Registered nosave memory: [mem 0x000f0000-0x000fffff]
[    0.000000] e820: [mem 0x40000000-0xfebfffff] available for PCI devices
[    0.000000] Booting parairtualedkernel on KVM
[    0000000] clckourcereined-jifes mas 0ffffffff max_ccls: 0xfffff, max_idle_ns: 7645519600211568 ns
[    0.000000] random: get_random_bytes called from starkernel+0x99/0x4fd with crng_init=0
[    0.000000] setup_percpu: NR_CPUS:8192 nr_cpumask_bits:2 nr_cpu_ids:2 nr_node_ids:1
[    0.000000] percpu: Embedded 46 pages/cpu @        (ptrval) s151552 r8192 d28672 u1048576
[    0.000000] PV qspinlock hash table entries: 256 (order: 0, 4096 bytes)
[    0.000000] Built 1 zonelists, mobility grouping on.  Total pages: 257913
[    0.000000] Policy zone: DMA32
[    0.000000] Kernel command line: BOOT_IMAGE=/boot/vlinuz-4.15.0-47-generic root=LABEL=cloudimg-rootfs ro console=tty1 console=ttyS0
[    0.000000] Memory: 983056K/1048120K available (12300K kenel code, 2473K rwdata, 4252K rodata, 2408K init, 2416K bss 650K eserved, 0K cma-reserved)
[    0.000000] SLUB: HWalign=64, Order=0-3, MinObjects=0, CPUs=2, Nodes=1
[    0.000000] Kernel/User page tables isolation: enabled
[    0.000000] ftrace: allocating 39206 entries in 154 pages
[    0.004000] Hierarchical RCU implementation.
[    0.004000] 	RCU restricting CPUs from NR_CPUS=8192 to nr_cpu_ids=2.
[    0.004000] 	Tasks RCU enabled.
[    0.004000] RCU: Adjusting geometry for rcu_fanout_leaf=16, nr_cpu_ids=2
[    0.004000] NR_IRQS: 524544, nr_irqs: 440, preallocated irqs: 16
[    0.004000] Console: colour VGA+ 80x25
[    0.004000] console [tty1] enabled
[    0.004000] console [ttyS0] enabled
[    0.004000] ACPI: Core revision 20170831
[    0.004000] ACPI: 2 ACPI AML tables successfully acquired and loaded
[    0.004000] APIC: Switch to symmetric I/O mode setup
[    0.004000] x2apic enabled
[    0.004000] Switched APIC routing to physical x2apic.
[    0.004000] ..TIMER: vector=0x30 apic1=0 pin1=2 apic2=-1 pin2=-1
[    0.004004] tsc: Detected 2304.000 MHz processor
[    0.005393] Calibrating delay loop (skipped) preset value.. 4608.00 BogoMIPS (lpj=9216000)
[    0.008002] pid_max: default: 32768 minimum: 301
[    0.009419] Security Framework initialized
[    0.012002] Yama: becoming mindful.
[    0.013098] AppArmor: AppArmor initialized
[    0.015871] Dentry cache hash table entries: 131072 (order: 8, 1048576 bytes)
[    0.016058] Inode-cache hash table entries: 65536 (order: 7, 524288 bytes)
[    0.020012] Mount-cache hash table entries: 2048 (order: 2, 16384 bytes)
[    0.021986] Mountpoint-cache hash table entries: 2048 (order: 2, 16384 bytes)
[    0.024214] mce: CPU supports 0 MCE banks
[    0.028014] Last level iTLB entries: 4KB 64, 2MB 8, 4MB 8
[    0.029281] Last level dTLB entries: 4KB 64, 2MB 0, 4MB 0, 1GB 4
[    0.030686] Spectre V2 : Mitigation: Full generic retpoline
[    0.032001] Spectre V2 : Spectre v2 / SpectreRSB mitigation: Filling RSB on context switch
[    0.034243] Speculative Store Bypass: Vulnerable
[    0.035703] Freeing SMP alternatives memory: 36K
[    0.040000] smpboot: CPU0: Intel(R) Core(TM) i5-7360U CPU @ 2.30GHz (family: 0x6, model: 0x8e, stepping: 0x9)
[    0.040000] Performance Events: unsupported p6 CPU model 142 no PMU driver, software events only.
[    0.040036] Hierarchical SRCU implementation.
[    0.041630] NMI watchdog: Perf event create on CPU 0 failed with -2
[    0.043082] NMI watchdog: Perf NMI watchdog permanently disabled
[    0.044044] smp: Bringing up secondary CPUs ...
[    0.045232] x86: Booting SMP configuration:
[    0.046245] .... node  #0, CPUs:      #1
[    0.004000] kvm-clock: cpu 1, msr 0:3ff44041, secondary cpu clock
[    0.004000] mce: CPU supports 0 MCE banks
[    0.054063] smp: Brought up 1 node, 2 CPUs
[    0.054063] smpboot: Max logical packages: 1
[    0.056004] smpboot: Total of 2 processors activated (9216.00 BogoMIPS)
[    0.057668] devtmpfs: initialized
[    0.060068] x86/mm: Memory block size: 128MB
[    0.061232] evm: security.selinux
[    0.062132] evm: security.SMACK64
[    0.062957] evm: security.SMACK64EXEC
[    0.064007] evm: security.SMACK64TRANSMUTE
[    0.065011] evm: security.SMACK64MMAP
[    0.065966] evm: security.apparmor
[    0.066802] evm: security.ima
[    0.068008] evm: security.capability
[    0.069046] clocksource: jiffies: mask: 0xffffffff max_cycles: 0xffffffff, max_idle_ns: 7645041785100000 ns
[    0.072027] futex hash table entries: 512 (order: 3, 32768 bytes)
[    0.074424] pinctrl core: initialized pinctrl subsystem
[    0.077774] RTC time:  1:17:20, date: 06/01/19
[    0.080162] NET: Registered protocol family 16
[    0.081378] audit: initializing netlink subsys (disabled)
[    0.083083] audit: type=2000 audit(1559351842.840:1): state=initialized audit_enabled=0 res=1
[    0.084010] cpuidle: using governor ladder
[    0.085302] cpuidle: using governor menu
[    0.088157] ACPI: bus type PCI registered
[    0.092007] acpiphp: ACPI Hot Plug PCI Controller Driver version: 0.5
[    0.096189] PCI: Using configuration type 1 for base access
[    0.100942] HugeTLB registered 2.00 MiB page size, pre-allocated 0 pages
[    0.104071] ACPI: Added _OSI(Module Device)
[    0.108003] ACPI: Added _OSI(Processor Device)
[    0.112003] ACPI: Added _OSI(3.0 _SCP Extensions)
[    0.116003] ACPI: Added _OSI(Processor Aggregator Device)
[    0.120003] ACPI: Added _OSI(Linux-Dell-Video)
[    0.124003] ACPI: Added _OSI(Linux-Lenovo-NV-HDMI-Audio)
[    0.128004] ACPI: Added _OSI(Linux-HPI-Hybrid-Graphics)
[    0.132461] ACPI: Executed 1 blocks of module-level executable AML code
[    0.138854] ACPI: Interpreter enabled
[    0.140015] ACPI: (supports S0 S5)
[    0.144004] ACPI: Using IOAPIC for interrupt routing
[    0.148206] PCI: Using host bridge windows from ACPI; if necessary, use "pci=nocrs" and report a bug
[    0.152219] ACPI: Enabled 2 GPEs in block 00 to 07
[    0.164999] ACPI: PCI Root Bridge [PCI0] (domain 0000 [bus 00-ff])
[    0.168008] acpi PNP0A03:00: _OSC: OS supports [ASPM ClockPM Segments MSI]
[    0.170051] acpi PNP0A03:00: _OSC: not requesting OS control; OS requires [ExtendedConfig ASPM ClockPM MSI]
[    0.176008] acpi PNP0A03:00: fail to add MMCONFIG information, can't access extended PCI configuration space under this bridge.
[    0.180493] PCI host bridge to bus 0000:00
[    0.184005] pci_bus 0000:00: root bus resource [io  0x0000-0x0cf7 window]
[    0.188005] pci_bus 0000:00: root bus resource [io  0x0d00-0xffff window]
[    0.192004] pci_bus 0000:00: root bus resource [mem 0x000a0000-0x000bffff window]
[    0.196004] pci_bus 0000:00: root bus resource [mem 0x40000000-0xfdffffff window]
[    0.200005] pci_bus 0000:00: root bus resource [bus 00-ff]
[    0.207345] pci 0000:00:01.1: legacy IDE quirk: reg 0x10: [io  0x01f0-0x01f7]
[    0.208003] pci 0000:00:01.1: legacy IDE quirk: reg 0x14: [io  0x03f6]
[    0.212004] pci 0000:00:01.1: legacy IDE quirk: reg 0x18: [io  0x0170-0x0177]
[    0.216002] pci 0000:00:01.1: legacy IDE quirk: reg 0x1c: [io  0x0376]
[    0.237447] pci 0000:00:07.0: quirk: [io  0x4000-0x403f] claimed by PIIX4 ACPI
[    0.240024] pci 0000:00:07.0: quirk: [io  0x4100-0x410f] claimed by PIIX4 SMB
[    0.258312] ACPI: PCI Interrupt Link [LNKA] (IRQs 5 9 10 *11)
[    0.260521] ACPI: PCI Interrupt Link [LNKB] (IRQs 5 9 *10 11)
[    0.262749] ACPI: PCI Interrupt Link [LNKC] (IRQs 5 *9 10 11)
[    0.264267] ACPI: PCI Interrupt Link [LNKD] (IRQs 5 9 10 *11)
[    0.268898] SCSI subsystem initialized
[    0.272054] pci 0000:00:02.0: vgaarb: setting as boot VGA device
[    0.276000] pci 0000:00:02.0: vgaarb: VGA device added: decodes=io+mem,owns=io+mem,locks=none
[    0.276014] pci 0000:00:02.0: vgaarb: bridge control possible
[    0.280008] vgaarb: loaded
[    0.284072] ACPI: bus type USB registered
[    0.288048] usbcore: registered new interface driver usbfs
[    0.292039] usbcore: registered new interface driver hub
[    0.296084] usbcore: registered new device driver usb
[    0.300135] EDAC MC: Ver: 3.0.0
[    0.304573] PCI: Using ACPI for IRQ routing
[    0.308718] NetLabel: Initializing
[    0.312017] NetLabel:  domain hash size = 128
[    0.316006] NetLabel:  protocols = UNLABELED CIPSOv4 CALIPSO
[    0.320028] NetLabel:  unlabeled traffic allowed by default
[    0.324087] clocksource: Switched to clocksource kvm-clock
[    0.361355] VFS: Disk quotas dquot_6.6.0
[    0.363773] VFS: Dquot-cae hash table entries: 512 (order 0, 4096 bytes)
[    0.431807] AppArmor: AppArmor Filesystem Ebl
  0.89] p:nPCPin
[  0.23] np: PnP PIfod dece

[    1.316765] clocksource: acpi_pm: mask: 0xffffff max_cycles: 0xffffff, max_idle_ns: 2085701024 ns
[    1.319782] NET: Registered protocol family 2
[    1.323541] TCP established hash table entries: 8192 (order: 4, 65536 bytes)
[    1.327330] TCP bind hash table entries: 8192 (order: 5, 131072 bytes)
[    1.330308] TCP: Hash tables configured (established 8192 bind 8192)
[    1.333170] UDP hash table entries: 512 (order: 2, 16384 bytes
[    1.383682] UDP-Lite hash table entries: 512 (order: 2, 16384 bytes)
[    1.38624 N: gier ptol mi 1[  1113]ci00000. Litg re P/PCI transfers
[    2.387607] pci 0000:00:01.0: Activating ISA DMA hang workarounds
[    2.389535] pci 0000:00:02.0: Video device with shadowed ROM at [mem 0x000c0000-0x000dffff]
[    2.392202] Unpacking initramfs...
[    2.670593] Freeing initrd memory: 19528K
[    2.714038] platform rtc_cmos: registered platform RTC device (no PNP device found)
[    2.792835] Scanning for low memory corruption every 60 seconds
[    2.804260] Initialise system trusted keyrings
[    2.811072] Key type blacklist registered
[    2.818057] workingset: timestamp_bits=36 max_order=18 bucket_order=0
[    2.832307] zbud: loaded
[    2.833586] squashfs: version 4.0 (2009/01/31) Phillip Lougher
[    2.863323] fuse init (API version 7.26)
[    2.876068] Key type asymmetric registered
[    2.877076] Asymmetric key parser 'x509' registered
[    2.878256] Block layer SCSI generic (bsg) driver version 0.4 loaded (major 246)
[    2.880107] io scheduler noop registered
[    2.886680] io scheduler deadline registered
[    2.888001] io scheduler cfq registered (default)
[    2.926208] ACPI: AC Adapter [AC] (off-line)
[    2.938975] input: Power Button as /devices/LNXSYSTM:00/LNXPWRBN:00/input/input0
[    2.942561] ACPI: Power Button [PWRF]
[    2.962200] input: Sleep Button as /devices/LNXSYSTM:00/LNXSLPBN:00/input/input1
[    3.018251] ACPI: Sleep Button [SLPF]
[    3.021292] Serial: 8250/16550 driver, 32 ports, IRQ sharing enabled
[    3.022551] ACPI: Battery Slot [BAT0] (battery present)
[  3.064374] 00:02: ttyS0 at I/O 0x3f8 (irq = 4, base_baud = 115200) is a 16550A
[    3.115965] Linux agpgart interface v0.103

[    3.117940] loop: module loaded
[    3.119312] scsi host0: ata_piix
[    3.120307] scsi host1: ata_piix
[    3.121144] ata1: PATA max UDMA/33 cmd 0x1f0 ctl 0x3f6 bmdma 0xd000 irq 14
[    3.122724] ata2: PATA max UDMA/33 cmd 0x170 ctl 0x376 bmdma 0xd008 irq 15
[    3.124438] libphy: Fixed MDIO Bus: probed
[    3.125718] tun: Universal TUN/TAP device driver, 1.6
[    3.127258] PPP generic driver version 2.4.2
[    3.128517] ehci_hcd: USB 2.0 'Enhanced' Host Controller (EHCI) Driver
[    3.130012] ehci-pci: EHCI PCI platform driver
[    3.131185] ehci-platform: EHCI generic platform driver
[    3.132759] ohci_hcd: USB 1.1 'Open' Host Controller (OHCI) Driver
[    3.134533] ohci-pci: OHCI PCI platform driver
[    3.135842] ohci-platform: OHCI generic platform driver
[    3.137391] uhci_hcd: USB Universal Host Controller Interface driver
[    3.139266] i8042: PNP: PS/2 Controller [PNP0303:PS2K,PNP0f03:PS2M] at 0x60,0x64 irq 1,12
[    3.141761] serio: i8042 KBD port at 0x60,0x64 irq 1
[    3.143087] serio: i8042 AUX port at 0x60,0x64 irq 12
[    3.144644] mousedev: PS/2 mouse device common for all mice
[    3.146780] rtc_cmos rtc_cmos: rtc core: registered rtc_cmos as rtc0
[    3.154356] input: AT Translated Set 2 keyboard as /devices/platform/i8042/serio0/input/input2
[    3.156727] rtc_cmos rtc_cmos: alarms up to one day, 114 bytes nvram
[    3.158236] i2c /dev entries driver
[    3.159088] pcie_mp2_amd: AMD(R) PCI-E MP2 Communication Driver Version: 1.0
[    3.160831] device-mapper: uevent: version 1.0.3
[    3.162039] device-mapper: ioctl: 4.37.0-ioctl (2017-09-20) initialised: dm-devel@redhat.com
[    3.164054] ledtrig-cpu: registered to indicate activity on CPUs
[    3.166037] NET: Registered protocol family 10
[    3.170490] Segment Routing with IPv6
[    3.236781] NET: Registered protocol family 17
[    3.336729] Key type dns_resolver registered
[    3.413692] RAS: Correctable Errors collector initialized.
[    3.505901] sched_clock: Marking stable (3505856741, 0)->(6866889050, -3361032309)
[    3.508822] registered taskstats version 1
[    3.511625] Loading compiled-in X.509 certificates
[    3.515765] Loaded X.509 cert 'Build time autogenerated kernel key: 7211859d1298c08a101905a3cb814e8c7b4bf4a4'
[    3.520926] zswap: loaded using pool lzo/zbud
[    3.526133] Key type big_key registered
[    3.527349] Key type trusted registered
[    3.530125] Key type encrypted registered
[    3.531723] AppArmor: AppArmor sha1 policy hashing enabled
[    3.540371] ima: No TPM chip found, activating TPM-bypass! (rc=-19)
[    3.542956] ima: Allocated hash algorithm: sha1
[    3.546341] evm: HMAC attrs: 0x1
[    3.548235]   Magic number: 7:894:254
[    3.549840] rtc_cmos rtc_cmos: setting system clock to 2019-06-01 01:17:24 UTC (1559351844)
[    3.553435] BIOS EDD facility v0.16 2004-Jun-25, 0 devices found
[    3.555981] EDD information not available.
[    3.561152] Freeing unused kernel memory: 2408K
[    3.580168] Write protecting the kernel read-only data: 20480k
[    3.584913] Freeing unused kernel memory: 2008K
[    3.596311] Freeing unused kernel memory: 1892K
[    3.606165] x86/mm: Checked W+X mappings: passed, no W+X pages found.
[    3.608069] x86/mm: Checking user space page tables
[    3.617687] x86/mm: Checked W+X mappings: passed, no W+X pages found.
Loading, please wait...
starting version 237
[    3.690451] e1000: Intel(R) PRO/1000 Network Driver - version 7.3.21-k8-NAPI
[    3.692611] e1000: Copyright (c) 1999-2006 Intel Corporation.
[    3.698253] Fusion MPT base driver 3.04.20
[    3.699447] Copyright (c) 1999-2008 LSI Corporation
[    3.713772] Fusion MPT SPI Host driver 3.04.20
[    3.731234] AVX2 version of gcm_enc/dec engaged.
[    3.732517] AES CTR mode by8 optimization enabled
[    3.740194] tsc: Refined TSC clocksource calibration: 2303.761 MHz
[    3.741903] clocksource: tsc: mask: 0xffffffffffffffff max_cycles: 0x213516280c1, max_idle_ns: 440795279325 ns
[    3.754701] vboxvideo: loading out-of-tree module taints kernel.
[    3.758045] vboxvideo: module verification failed: signature and/or required key missing - tainting kernel
[    3.909141] input: ImExPS/2 Generic Explorer Mouse as /devices/platform/i8042/serio1/input/input4
[    4.129840] e1000 0000:00:03.0 eth0: (PCI:33MHz:32-bit) 02:5c:19:d6:ac:b9
[    4.215936] e1000 0000:00:03.0 eth0: Intel(R) PRO/1000 Network Connection
[    4.718869] e1000 0000:00:08.0 eth1: (PCI:33MHz:32-bit) 08:00:27:fa:40:7a
[    4.822416] e1000 0000:00:08.0 eth1: Intel(R) PRO/1000 Network Connection
[    4.878794] mptbase: ioc0: Initiating bringup
[    4.878955] e1000 0000:00:08.0 enp0s8: renamed from eth1
[    4.977839] e1000 0000:00:03.0 enp0s3: renamed from eth0
[    5.060894] ioc0: LSI53C1030 A0: Capabilities={Initiator}
[    5.312498] scsi host2: ioc0: LSI53C1030 A0, FwRev=00000000h, Ports=1, MaxQ=256, IRQ=20
[    5.582140] scsi 2:0:0:0: Direct-Access     VBOX     HARDDISK         1.0  PQ: 0 ANSI: 5
[    5.583027] [drm] VRAM 01000000
[    5.583373] [TTM] Zone  kernel: Available graphics memory: 504464 kiB
[    5.583374] [TTM] Initializing pool allocator
[    5.583378] [TTM] Initializing DMA pool allocator
[    5.631571] fbcon: vboxdrmfb (fb0) is primary device
[    5.633175] Console: switching to colour frame buffer device 100x37
[    5.687871] vboxvideo 0000:00:02.0: fb0: vboxdrmfb frame buffer device
[    5.704415] [drm] Initialized vboxvideo 1.0.0 20130823 for 0000:00:02.0 on minor 0
[    5.740600] scsi target2:0:0: Beginning Domain Validation
[    5.743293] scsi target2:0:0: Domain Validation skipping write tests
[    5.745055] scsi target2:0:0: Ending Domain Validation
[    5.746206] scsi target2:0:0: asynchronous
[    5.747433] scsi 2:0:1:0: Direct-Access     VBOX     HARDDISK         1.0  PQ: 0 ANSI: 5
[    5.868425] scsi target2:0:1: Beginning Domain Validation
[    6.152890] random: fast init done
[    6.281391] scsi target2:0:1: Domain Validation skipping write tests
[    6.283064] scsi target2:0:1: Ending Domain Validation
[    6.305892] scsi target2:0:1: asynchronous
[    6.688970] random: systemd-udevd: uninitialized urandom read (16 bytes read)
[    6.690624] random: systemd-udevd: uninitialized urandom read (16 bytes read)
[    6.692273] random: systemd-udevd: uninitialized urandom read (16 bytes read)
[    6.692487] sd 2:0:0:0: Attached scsi generic sg0 type 0
[    6.692648] sd 2:0:1:0: Attached scsi generic sg1 type 0
[    6.720090] sd 2:0:0:0: [sda] 20971520 512-byte logical blocks: (10.7 GB/10.0 GiB)
[    6.845704] sd 2:0:1:0: [sdb] 20480 512-byte logical blocks: (10.5 MB/10.0 MiB)
[    6.849634] sd 2:0:1:0: [sdb] Write Protect is off
[    6.853750] sd 2:0:0:0: [sda] Write Protect is off
[    6.855860] sd 2:0:1:0: [sdb] Incomplete mode parameter data
[    6.855904] sd 2:0:0:0: [sda] Incomplete mode parameter data
[    6.855906] sd 2:0:0:0: [sda] Assuming drive cache: write through
[    6.857632]  sda: sda1
[    6.858828] sd 2:0:0:0: [sda] Attached SCSI disk
[    6.870600] sd 2:0:1:0: [sdb] Assuming drive cache: write through
[    6.878959] sd 2:0:1:0: [sdb] Attached SCSI disk
Begin: Loading essential drivers ... [    7.036459] raid6: sse2x1   gen() 12354 MB/s
[    7.164870] raid6: sse2x1   xor() 10302 MB/s
[    7.245123] raid6: sse2x2   gen() 15259 MB/s
[    7.365194] raid6: sse2x2   xor() 11716 MB/s
[    7.480183] raid6: sse2x4   gen() 17532 MB/s
[    7.625336] raid6: sse2x4   xor() 12873 MB/s
[    7.745027] raid6: avx2x1   gen() 25297 MB/s
[    7.868681] raid6: avx2x1   xor() 17462 MB/s
[    7.948498] raid6: avx2x2   gen() 29423 MB/s
[    7.996066] raid6: avx2x2   xor() 10124 MB/s
[    8.052329] raid6: avx2x4   gen() 12381 MB/s
[    8.104515] raid6: avx2x4   xor() 15660 MB/s
[    8.105887] raid6: using algorithm avx2x2 gen() 29423 MB/s
[    8.107528] raid6: .... xor() 10124 MB/s, rmw enabled
[    8.109103] raid6: using avx2x2 recovery algorithm
[    8.111834] xor: automatically using best checksumming function   avx       
[    8.118085] async_tx: api initialized (async)
done.
Begin: Running /scripts/init-premount ... done.
Begin: Mounting root file system ... Begin: Running /scripts/local-top ... done.
Begin: Running /scripts/local-premount ... [    8.180767] Btrfs loaded, crc32c=crc32c-intel
Scanning for Btrfs filesystems
done.
Warning: fsck no[    8.214768] EXT4-fs (sda1): INFO: recovery required on readonly filesystem
t present, so sk[    8.258670] EXT4-fs (sda1): write access will be enabled during recovery
ipping root file system
[    8.364668] EXT4-fs (sda1): recovery complete
[    8.371931] EXT4-fs (sda1): mounted filesystem with ordered data mode. Opts: (null)
done.
Begin: Running /scripts/local-bottom ... done.
Begin: Running /scripts/init-bottom ... done.
[    8.561227] ip_tables: (C) 2000-2006 Netfilter Core Team
[    8.648235] systemd[1]: systemd 237 running in system mode. (+PAM +AUDIT +SELINUX +IMA +APPARMOR +SMACK +SYSVINIT +UTMP +LIBCRYPTSETUP +GCRYPT +GNUTLS +ACL +XZ +LZ4 +SECCOMP +BLKID +ELFUTILS +KMOD -IDN2 +IDN -PCRE2 default-hierarchy=hybrid)
[    8.917227] systemd[1]: Detected virtualization oracle.
[    8.918854] systemd[1]: Detected architecture x86-64.

Welcome to [1mUbuntu 18.04.2 LTS[0m!

[    8.961931] systemd[1]: Set hostname to <ubuntu-bionic>.
[    9.558896] systemd[1]: Set up automount Arbitrary Executable File Formats File System Automount Point.
[[0;32m  OK  [0m] Set up automount Arbitrary Executab…rmats File System Automount Point.
[    9.625134] systemd[1]: Reached target Swap.
[[0;32m  OK  [0m] Reached target Swap.
[    9.787104] systemd[1]: Created slice System Slice.
[[0;32m  OK  [0m] Created slice System Slice.
[    9.809894] systemd[1]: Listening on Device-mapper event daemon FIFOs.
[[0;32m  OK  [0m] Listening on Device-mapper event daemon FIFOs.
[    9.845974] systemd[1]: Listening on Journal Socket.
[[0;32m  OK  [0m] Listening on Journal Socket.
[    9.905239] systemd[1]: Starting Uncomplicated firewall...
         Starting Uncomplicated firewall...
         Starting Create list of required st…ce nodes for the current kernel...
         Starting Load Kernel Modules...
[   10.013523] Loading iSCSI transport class v2.0-870.
[[0;32m  OK  [[   10.106237] iscsi: registered transport (tcp)
0m] Listening on Journal Audit Socket.
[[0;32m  OK  [0m] Listening on Journal Socket (/dev/log).
[   10.160217] iscsi: registered transport (iser)
[[0;32m  OK  [0m] Reached target System Time Synchronized.
[[0;32m  OK  [0m] Listening on LVM2 metadata daemon socket.
         Starting Monitoring of LVM2 mirrors…ng dmeventd or progress polling...
         Mounting POSIX Message Queue File System...
[[0;32m  OK  [0m] Listening on Syslog Socket.
[[0;32m  OK  [0m] Listening on udev Control Socket.
[[0;32m  OK  [0m] Reached target User and Group Name Lookups.
[[0;32m  OK  [0m] Listening on /dev/initctl Compatibility Named Pipe.
[[0;32m  OK  [0m] Created slice User and Session Slice.
[[0;32m  OK  [0m] Reached target Slices.
[[0;32m  OK  [0m] Created slice system-serial\x2dgetty.slice.
[[0;32m  OK  [0m] Started Forward Password Requests to Wall Directory Watch.
         Starting Remount Root and Kernel File Systems...
[[0;32m  OK  [0m] Listening on LVM2 poll daemon socket.
[   10.328807] EXT4-fs (sda1): re-mounted. Opts: (null)
         Starting Set the console keyboard layout...
[[0;32m  OK  [0m] Listening on udev Kernel Socket.
         Starting udev Coldplug all Devices...
         Mounting Huge Pages File System...
         Starting Journal Service...
         Mounting Kernel Debug File System...
[[0;32m  OK  [0m] Listening on Network Service Netlink Socket.
[[0;32m  OK  [0m] Started Journal Service.
[[0;32m  OK  [0m] Started Uncomplicated firewall.
[[0;32m  OK  [0m] Started Create list of required sta…vice nodes for the current kernel.
[[0;32m  OK  [0m] Started Load Kernel Modules.
[[0;32m  OK  [0m] Mounted POSIX Message Queue File System.
[[0;32m  OK  [0m] Started Remount Root and Kernel File Systems.
[[0;32m  OK  [0m] Started Set the console keyboard layout.
[[0;32m  OK  [0m] Mounted Huge Pages File System.
[[0;32m  OK  [0m] Mounted Kernel Debug File System.
[[0;32m  OK  [[   10.663655] random: crng init done
[   10.672301] random: 7 urandom warning(s) missed due to ratelimiting
0m] Started LVM2 metadata daemon.
         Starting Load/Save Random Seed...
         Starting Apply Kernel Variables...
         Mounting Kernel Configuration File System...
         Mounting FUSE Control File System...
         Starting Create Static Device Nodes in /dev...
         Starting Flush Journal to Persistent Storage...
[[0;32m  OK  [0m] Started Monitoring of LVM2 mirrors,…sing dmeventd or progress polling.
[[0;32m  OK  [0m] Started Load/Save Random Seed.
[[0;32m  OK  [0m] Mounted Kernel Configuration File System.
[[0;32m  OK  [0m] Mounted FUSE Control File System.
[[0;32m  OK  [0m] Started udev Coldplug all Devices.
[[0;32m  OK  [0m] Started Create Static Device Nodes in /dev.
[[0;32m  OK  [0m] Reached target Local File Systems (Pre).
[[0;32m  OK  [0m] Reached target Local File Systems.
         Starting Tell Plymouth To Write Out Runtime Data...
         Starting AppArmor initialization...
         Starting Set console font and keymap...
         Starting ebtables ruleset management...
         Starting udev Kernel Device Manager...
[[0;32m  OK  [0m] Started Apply Kernel Variables.
[[0;32m  OK  [0m] Started Tell Plymouth To Write Out Runtime Data.
[[0;32m  OK  [0m] Started Set console font and keymap.
[[0;32m  OK  [0m] Started udev Kernel Device Manager.
[[0;32m  OK  [0m] Started Dispatch Password Requests to Console Directory Watch.
[[0;32m  OK  [0m] Reached target Local Encrypted Volumes.
[[0;32m  OK  [0m] Found device /dev/ttyS0.
[[0;32m  OK  [0m] Started ebtables ruleset management.
[[0;32m  OK  [0m] Started Flush Journal to Persistent Storage.
[[0;32m  OK  [0m] Listening on Load/Save RF Kill Switch Status /dev/rfkill Watch.
         Starting Create Volatile Files and Directories...
[[0;32m  OK  [0m] Started Create Volatile Files and Directories.
         Starting Update UTMP about System Boot/Shutdown...
[[0;32m  OK  [0m] Started Update UTMP about System Boot/Shutdown.
[[0;32m  OK  [0m] Started AppArmor initialization.
         Starting Initial cloud-init job (pre-networking)...
[   16.101538] cloud-init[580]: Cloud-init v. 18.5-45-g3554ffe8-0ubuntu1~18.04.1 running 'init-local' at Sat, 01 Jun 2019 01:17:36 +0000. Up 15.78 seconds.
[[0;32m  OK  [0m] Started Initial cloud-init job (pre-networking).
[[0;32m  OK  [0m] Reached target Network (Pre).
         Starting Network Service...
[[0;32m  OK  [0m] Started Network Service.
         Starting Network Name Resolution...
         Starting Wait for Network to be Configured...
[[0;32m  OK  [0m] Started Network Name Resolution.
[[0;32m  OK  [0m] Reached target Host and Network Name Lookups.
[[0;32m  OK  [0m] Reached target Network.
[[0;32m  OK  [0m] Started Wait for Network to be Configured.
         Starting Initial cloud-init job (metadata service crawler)...
[   18.835664] cloud-init[712]: Cloud-init v. 18.5-45-g3554ffe8-0ubuntu1~18.04.1 running 'init' at Sat, 01 Jun 2019 01:17:39 +0000. Up 18.68 seconds.
[   18.850493] cloud-init[712]: ci-info: ++++++++++++++++++++++++++++++++++++++Net device info+++++++++++++++++++++++++++++++++++++++
[   18.868529] cloud-init[712]: ci-info: +--------+------+-----------------------------+---------------+--------+-------------------+
[   18.884197] cloud-init[712]: ci-info: | Device |  Up  |           Address           |      Mask     | Scope  |     Hw-Address    |
[   18.894665] cloud-init[712]: ci-info: +--------+------+-----------------------------+---------------+--------+-------------------+
[   18.961030] cloud-init[712]: ci-info: | enp0s3 | True |          10.0.2.15          | 255.255.255.0 | global | 02:5c:19:d6:ac:b9 |
[   19.036570] cloud-init[712]: ci-info: | enp0s3 | True |  fe80::5c:19ff:fed6:acb9/64 |       .       |  link  | 02:5c:19:d6:ac:b9 |
[   19.070381] cloud-init[712]: ci-info: | enp0s8 | True |        192.168.33.10        | 255.255.255.0 | global | 08:00:27:fa:40:7a |
[   19.082572] cloud-init[712]: ci-info: | enp0s8 | True | fe80::a00:27ff:fefa:407a/64 |       .       |  link  | 08:00:27:fa:40:7a |
[   19.105071] cloud-init[712]: ci-info: |   lo   | True |          127.0.0.1          |   255.0.0.0   |  host  |         .         |
[   19.135990] cloud-init[712]: ci-info: |   lo   | True |           ::1/128           |       .       |  host  |         .         |
[   19.138527] cloud-init[712]: ci-info: +--------+------+-----------------------------+---------------+--------+-------------------+
[   19.141148] cloud-init[712]: ci-info: +++++++++++++++++++++++++++++Route IPv4 info+++++++++++++++++++++++++++++
[   19.184120] cloud-init[712]: ci-info: +-------+--------------+----------+-----------------+-----------+-------+
[   19.187180] cloud-init[712]: ci-info: | Route | Destination  | Gateway  |     Genmask     | Interface | Flags |
[[   19.216425] cloud-init[712]: ci-info: +-------+--------------+----------+-----------------+-----------+-------+
[   19.216658] cloud-init[712]: ci-info: |   0   |   0.0.0.0    | 10.0.2.2 |     0.0.0.0     |   enp0s3  |   UG  |
[   19.216989] cloud-init[712]: ci-info: |   1   |   10.0.2.0   | 0.0.0.0  |  255.255.255.0  |   enp0s3  |   U   |
[   19.217310] cloud-init[712]: ci-info: |   2   |   10.0.2.2   | 0.0.0.0  | 255.255.255.255 |   enp0s3  |   UH  |
[   19.217638] cloud-init[712]: ci-info: |   3   | 192.168.33.0 | 0.0.0.0  |  255.255.255.0  |   enp0s8  |   U   |
[   19.217965] cloud-init[712]: ci-info: +-------+--------------+----------+-----------------+-----------+-------+
[   19.218376] cloud-init[712]: ci-info: +++++++++++++++++++Route IPv6 info+++++++++++++++++++
[   19.218652] cloud-init[712]: ci-info: +-------+-------------+---------+-----------+-------+
[   19.218976] cloud-init[712]: ci-info: | Route | Destination | Gateway | Interface | Flags |
[   19.219300] cloud-init[712]: ci-info: +-------+-------------+---------+-----------+-------+
[   19.219619] cloud-init[712]: ci-info: |   1   |  fe80::/64  |    ::   |   enp0s8  |   U   |
[0;32m  OK  [0m] Started Initial cloud-init job (metadata service crawler).
[   19.220697] cloud-init[712]: ci-info: |   2   |  fe80::/64  |    ::   |   enp0s3  |   U   |
[[   19.616500] cloud-init[712]: ci-info: |   4   |    local    |    ::   |   enp0s3  |   U   |
[   19.617012] cloud-init[712]: ci-info: |   5   |    local    |    ::   |   enp0s8  |   U   |
[   19.617465] cloud-init[712]: ci-info: |   6   |   ff00::/8  |    ::   |   enp0s8  |   U   |
[   19.617975] cloud-init[712]: ci-info: |   7   |   ff00::/8  |    ::   |   enp0s3  |   U   |
[   19.618489] cloud-init[712]: ci-info: +-------+-------------+---------+-----------+-------+
[0;32m  OK  [0m] Reached target Cloud-config availability.
[[0;32m  OK  [0m] Reached target Network is Online.
         Starting Availability of block devices...
[[0;32m  OK  [0m] Reached target Remote File Systems (Pre).
[[0;32m  OK  [0m] Reached target Remote File Systems.
[[0;32m  OK  [0m] Reached target System Initialization.
[[0;32m  OK  [0m] Started Daily apt download activities.
[[0;32m  OK  [0m] Listening on Open-iSCSI iscsid Socket.
[[0;32m  OK  [0m] Listening on D-Bus System Message Bus Socket.
[[0;32m  OK  [0m] Started ACPI Events Check.
[[0;32m  OK  [0m] Reached target Paths.
[[0;32m  OK  [0m] Started Daily Cleanup of Temporary Directories.
[[0;32m  OK  [0m] Listening on UUID daemon activation socket.
[[0;32m  OK  [0m] Started Daily apt upgrade and clean activities.
[[0;32m  OK  [0m] Listening on ACPID Listen Socket.
         Starting LXD - unix socket.
[[0;32m  OK  [0m] Started Message of the Day.
[[0;32m  OK  [0m] Started Discard unused blocks once a week.
[[0;32m  OK  [0m] Reached target Timers.
         Starting Socket activation for snappy daemon.
[[0;32m  OK  [0m] Started Availability of block devices.
[[0;32m  OK  [0m] Listening on LXD - unix socket.
[[0;32m  OK  [0m] Listening on Socket activation for snappy daemon.
[[0;32m  OK  [0m] Reached target Sockets.
[[0;32m  OK  [0m] Reached target Basic System.
         Starting Permit User Sessions...
[[0;32m  OK  [0m] Started FUSE filesystem for LXC.
         Starting LSB: Record successful boot for GRUB...
         Starting LXD - container startup/shutdown...
         Starting Accounts Service...
         Starting Dispatcher daemon for systemd-networkd...
         Starting System Logging Service...
[[0;32m  OK  [0m] Started Regular background program processing daemon.
         Starting OpenBSD Secure Shell server...
[[0;32m  OK  [0m] Started irqbalance daemon.
         Starting Snappy daemon...
         Starting vboxadd.service...
         Starting Login Service...
[[0;32m  OK  [0m] Started Deferred execution scheduler.
[[0;32m  OK  [0m] Started D-Bus System Message Bus.
         Starting LSB: automatic crash report generation...
[[0;32m  OK  [0m] Started System Logging Service.
[[0;32m  OK  [0m] Started Permit User Sessions.
[[0;32m  OK  [0m] Started Login Service.
[[0;32m  OK  [0m] Started Unattended Upgrades Shutdown.
         Starting Hold until boot process finishes up...
         Starting Terminate Plymouth Boot Screen...
[[0;32m  OK  [0m] Started OpenBSD Secure Shell server.
[[0;32m  OK  [0m] Started Hold until boot process finishes up.
[[0;32m  OK  [0m] Started Terminate Plymouth Boot Screen.
[[0;32m  OK  [0m] Started Dispatcher daemon for systemd-networkd.
[[0;32m  OK  [0m] Started Serial Getty on ttyS0.
         Starting Set console scheme...
[[0;32m  OK  [0m] Started Set console scheme.
[[0;32m  OK  [0m] Created slice system-getty.slice.
[[0;32m  OK  [0m] Started Getty on tty1.
[[0;32m  OK  [0m] Reached target Login Prompts.
         Starting Authorization Manager...
[[0;32m  OK  [0m] Started Authorization Manager.
[[0;32m  OK  [0m] Started LSB: automatic crash report generation.
[[0;32m  OK  [0m] Started Accounts Service.
[[0;32m  OK  [0m] Started LSB: Record successful boot for GRUB.
[[0;32m  OK  [0m] Started LXD - container startup/shutdown.
[[0;32m  OK  [0m] Started Snappy daemon.
         Starting Wait until snapd is fully seeded...
[[0;32m  OK  [0m] Started Wait until snapd is fully seeded.
         Starting Apply the settings specified in cloud-config...
[[0;32m  OK  [0m] Started vboxadd.service.
         Starting vboxadd-service.service...
[[0;32m  OK  [0m] Started vboxadd-service.service.
[[0;32m  OK  [0m] Reached target Multi-User System.
[[0;32m  OK  [0m] Reached target Graphical Interface.
         Starting Update UTMP about System Runlevel Changes...
[[0;32m  OK  [0m] Started Update UTMP about System Runlevel Changes.
[   23.205699] cloud-init[1182]: Cloud-init v. 18.5-45-g3554ffe8-0ubuntu1~18.04.1 running 'modules:config' at Sat, 01 Jun 2019 01:17:44 +0000. Up 23.10 seconds.
[[0;32m  OK  [0m] Started Apply the settings specified in cloud-config.
         Starting Execute cloud user/final scripts...
[[0;32m  OK  [0m] Created slice User Slice of vagrant.
         Starting User Manager for UID 1000...
[[0;32m  OK  [0m] Started Session 1 of user vagrant.
[[0;32m  OK  [0m] Started User Manager for UID 1000.
[   24.134194] cloud-init[1266]: Cloud-init v. 18.5-45-g3554ffe8-0ubuntu1~18.04.1 running 'modules:final' at Sat, 01 Jun 2019 01:17:44 +0000. Up 23.83 seconds.
[   24.144313] cloud-init[1266]: Cloud-init v. 18.5-45-g3554ffe8-0ubuntu1~18.04.1 finished at Sat, 01 Jun 2019 01:17:45 +0000. Datasource DataSourceNoCloud [seed=/dev/sdb][dsmode=net].  Up 24.10 seconds
[[0;32m  OK  [0m] Started Execute cloud user/final scripts.
[[0;32m  OK  [0m] Reached target Cloud-init target.

Ubuntu 18.04.2 LTS ubuntu-bionic ttyS0

ubuntu-bionic login: 